<?xml version="1.0" encoding="UTF-8"?>
<testng-results ignored="0" total="2" passed="2" failed="0" skipped="0">
  <reporter-output>
  </reporter-output>
  <suite started-at="2025-05-10T15:05:02 BST" name="testsuite" finished-at="2025-05-10T15:05:15 BST" duration-ms="13027">
    <groups>
    </groups>
    <test started-at="2025-05-10T15:05:02 BST" name="Login Test" finished-at="2025-05-10T15:05:15 BST" duration-ms="13027">
      <class name="com.tricentis.demo.testsuite.LoginPageTest">
        <test-method is-config="true" signature="setUp()[pri:0, instance:com.tricentis.demo.testsuite.LoginPageTest@5ccddd20]" started-at="2025-05-10T15:05:02 BST" name="setUp" finished-at="2025-05-10T15:05:06 BST" duration-ms="4571" status="PASS">
          <reporter-output>
          </reporter-output>
        </test-method> <!-- setUp -->
        <test-method signature="verifyErrorMessageWithInvalidCredentials()[pri:0, instance:com.tricentis.demo.testsuite.LoginPageTest@5ccddd20]" started-at="2025-05-10T15:05:06 BST" name="verifyErrorMessageWithInvalidCredentials" finished-at="2025-05-10T15:05:08 BST" duration-ms="1848" status="PASS">
          <reporter-output>
          </reporter-output>
        </test-method> <!-- verifyErrorMessageWithInvalidCredentials -->
        <test-method is-config="true" signature="tearDown()[pri:0, instance:com.tricentis.demo.testsuite.LoginPageTest@5ccddd20]" started-at="2025-05-10T15:05:08 BST" name="tearDown" finished-at="2025-05-10T15:05:09 BST" duration-ms="1061" status="PASS">
          <reporter-output>
          </reporter-output>
        </test-method> <!-- tearDown -->
        <test-method is-config="true" signature="setUp()[pri:0, instance:com.tricentis.demo.testsuite.LoginPageTest@5ccddd20]" started-at="2025-05-10T15:05:09 BST" name="setUp" finished-at="2025-05-10T15:05:13 BST" duration-ms="3386" status="PASS">
          <reporter-output>
          </reporter-output>
        </test-method> <!-- setUp -->
        <test-method signature="verifyUserShouldNavigateToLoginPageSuccessfully()[pri:0, instance:com.tricentis.demo.testsuite.LoginPageTest@5ccddd20]" started-at="2025-05-10T15:05:13 BST" name="verifyUserShouldNavigateToLoginPageSuccessfully" finished-at="2025-05-10T15:05:14 BST" duration-ms="1476" status="PASS">
          <reporter-output>
          </reporter-output>
        </test-method> <!-- verifyUserShouldNavigateToLoginPageSuccessfully -->
        <test-method is-config="true" signature="tearDown()[pri:0, instance:com.tricentis.demo.testsuite.LoginPageTest@5ccddd20]" started-at="2025-05-10T15:05:14 BST" name="tearDown" finished-at="2025-05-10T15:05:15 BST" duration-ms="542" status="PASS">
          <reporter-output>
          </reporter-output>
        </test-method> <!-- tearDown -->
      </class> <!-- com.tricentis.demo.testsuite.LoginPageTest -->
    </test> <!-- Login Test -->
  </suite> <!-- testsuite -->
</testng-results>
