<?xml version="1.0" encoding="UTF-8"?>
<!-- Generated by org.testng.reporters.JUnitXMLReporter -->
<testsuite ignored="0" hostname="LAPTOP-04B1LE1H" failures="0" tests="2" name="Login Test" time="13.027" errors="0" timestamp="2025-05-10T15:05:15 BST">
  <testcase classname="com.tricentis.demo.testsuite.LoginPageTest" name="verifyErrorMessageWithInvalidCredentials" time="1.848"/>
  <testcase classname="com.tricentis.demo.testsuite.LoginPageTest" name="verifyUserShouldNavigateToLoginPageSuccessfully" time="1.476"/>
</testsuite> <!-- Login Test -->
